<?xml version="1.0" encoding="UTF-8"?>
<testsuite xmlns:xsi="http://www.w3.org/2001/XMLSchema-instance" xsi:noNamespaceSchemaLocation="https://maven.apache.org/surefire/maven-surefire-plugin/xsd/surefire-test-report.xsd" version="3.0.2" name="com.api.tienda.TiendaApplicationTests" time="19.93" tests="1" errors="0" skipped="0" failures="0">
  <properties>
[...]
</properties>
  <testcase name="contextLoads" classname="com.api.tienda.TiendaApplicationTests" time="0.558">
    <system-out><![CDATA[13:33:32.403 [main] INFO org.springframework.test.context.support.AnnotationConfigContextLoaderUtils -- Could not detect default configuration classes for test class [com.api.tienda.TiendaApplicationTests]: TiendaApplicationTests does not declare any static, non-private, non-final, nested classes annotated with @Configuration.
13:33:32.526 [main] INFO org.springframework.boot.test.context.SpringBootTestContextBootstrapper -- Found @SpringBootConfiguration com.api.tienda.TiendaApplication for test class com.api.tienda.TiendaApplicationTests
13:33:32.768 [main] INFO org.springframework.boot.devtools.restart.RestartApplicationListener -- Restart disabled due to context in which it is running

  .   ____          _            __ _ _
 /\\ / ___'_ __ _ _(_)_ __  __ _ \ \ \ \
( ( )\___ | '_ | '_| | '_ \/ _` | \ \ \ \
 \\/  ___)| |_)| | | | | || (_| |  ) ) ) )
  '  |____| .__|_| |_|_| |_\__, | / / / /
 =========|_|==============|___/=/_/_/_/

 :: Spring Boot ::                (v3.4.3)

2025-03-06T13:33:33.165-03:00  INFO 11188 --- [           main] com.api.tienda.TiendaApplicationTests    : Starting TiendaApplicationTests using Java 23.0.2 with PID 11188 (started by Usuario in C:\Users\Usuario\Documents\tienda)
2025-03-06T13:33:33.166-03:00  INFO 11188 --- [           main] com.api.tienda.TiendaApplicationTests    : No active profile set, falling back to 1 default profile: "default"
2025-03-06T13:33:34.310-03:00  INFO 11188 --- [           main] .s.d.r.c.RepositoryConfigurationDelegate : Bootstrapping Spring Data JPA repositories in DEFAULT mode.
2025-03-06T13:33:34.396-03:00  INFO 11188 --- [           main] .s.d.r.c.RepositoryConfigurationDelegate : Finished Spring Data repository scanning in 74 ms. Found 7 JPA repository interfaces.
2025-03-06T13:33:35.214-03:00  INFO 11188 --- [           main] o.hibernate.jpa.internal.util.LogHelper  : HHH000204: Processing PersistenceUnitInfo [name: default]
2025-03-06T13:33:35.337-03:00  INFO 11188 --- [           main] org.hibernate.Version                    : HHH000412: Hibernate ORM core version 6.6.8.Final
2025-03-06T13:33:35.385-03:00  INFO 11188 --- [           main] o.h.c.internal.RegionFactoryInitiator    : HHH000026: Second-level cache disabled
2025-03-06T13:33:35.786-03:00  INFO 11188 --- [           main] o.s.o.j.p.SpringPersistenceUnitInfo      : No LoadTimeWeaver setup: ignoring JPA class transformer
2025-03-06T13:33:35.852-03:00  INFO 11188 --- [           main] com.zaxxer.hikari.HikariDataSource       : HikariPool-1 - Starting...
2025-03-06T13:33:39.448-03:00  INFO 11188 --- [           main] com.zaxxer.hikari.pool.HikariPool        : HikariPool-1 - Added connection org.postgresql.jdbc.PgConnection@312f3050
2025-03-06T13:33:39.451-03:00  INFO 11188 --- [           main] com.zaxxer.hikari.HikariDataSource       : HikariPool-1 - Start completed.
2025-03-06T13:33:39.878-03:00  WARN 11188 --- [           main] org.hibernate.orm.deprecation            : HHH90000025: PostgreSQLDialect does not need to be specified explicitly using 'hibernate.dialect' (remove the property setting and it will be selected by default)
2025-03-06T13:33:40.500-03:00  INFO 11188 --- [           main] org.hibernate.orm.connections.pooling    : HHH10001005: Database info:
	Database JDBC URL [Connecting through datasource 'HikariDataSource (HikariPool-1)']
	Database driver: undefined/unknown
	Database version: 16.8
	Autocommit mode: undefined/unknown
	Isolation level: undefined/unknown
	Minimum pool size: undefined/unknown
	Maximum pool size: undefined/unknown
2025-03-06T13:33:41.778-03:00  INFO 11188 --- [           main] o.h.e.t.j.p.i.JtaPlatformInitiator       : HHH000489: No JTA platform available (set 'hibernate.transaction.jta.platform' to enable JTA platform integration)
Hibernate: create table administrador (id bigint generated by default as identity, email varchar(255), nombre varchar(255), password varchar(255), primary key (id))
Hibernate: create table carrito (id bigint generated by default as identity, cliente_id bigint, primary key (id))
Hibernate: create table cliente (id bigint generated by default as identity, edad varchar(255), email varchar(255), nombre varchar(255), password varchar(255), carrito_id bigint, primary key (id))
Hibernate: create table pedido (id bigint generated by default as identity, primary key (id))
Hibernate: create table producto (id bigint generated by default as identity, descripcion varchar(255), nombre varchar(255), precio integer not null, stock integer not null, url varchar(255), primary key (id))
Hibernate: create table tipo_producto (id bigint generated by default as identity, nombre varchar(255), primary key (id))
Hibernate: create table tipo_producto_productos (tipo_producto_id bigint not null, productos_id bigint not null)
Hibernate: create table users (id integer not null, country varchar(255), firstname varchar(255), lastname varchar(255) not null, password varchar(255), role varchar(255) check (role in ('ADMIN','USER')), username varchar(255) not null, primary key (id))
Hibernate: alter table if exists carrito drop constraint if exists UK5sa1143omha9fyehcxnp7amh7
2025-03-06T13:33:45.783-03:00  WARN 11188 --- [           main] o.h.engine.jdbc.spi.SqlExceptionHelper   : SQL Warning Code: 0, SQLState: 00000
2025-03-06T13:33:45.783-03:00  WARN 11188 --- [           main] o.h.engine.jdbc.spi.SqlExceptionHelper   : constraint "uk5sa1143omha9fyehcxnp7amh7" of relation "carrito" does not exist, skipping
Hibernate: alter table if exists carrito add constraint UK5sa1143omha9fyehcxnp7amh7 unique (cliente_id)
Hibernate: alter table if exists cliente drop constraint if exists UKertufnuyd9cqgx0nq5k8jlfle
2025-03-06T13:33:46.393-03:00  WARN 11188 --- [           main] o.h.engine.jdbc.spi.SqlExceptionHelper   : SQL Warning Code: 0, SQLState: 00000
2025-03-06T13:33:46.393-03:00  WARN 11188 --- [           main] o.h.engine.jdbc.spi.SqlExceptionHelper   : constraint "ukertufnuyd9cqgx0nq5k8jlfle" of relation "cliente" does not exist, skipping
Hibernate: alter table if exists cliente add constraint UKertufnuyd9cqgx0nq5k8jlfle unique (carrito_id)
Hibernate: alter table if exists tipo_producto_productos drop constraint if exists UK4ywllu6pt1mg6f7n0m1c0gu4u
2025-03-06T13:33:47.006-03:00  WARN 11188 --- [           main] o.h.engine.jdbc.spi.SqlExceptionHelper   : SQL Warning Code: 0, SQLState: 00000
2025-03-06T13:33:47.006-03:00  WARN 11188 --- [           main] o.h.engine.jdbc.spi.SqlExceptionHelper   : constraint "uk4ywllu6pt1mg6f7n0m1c0gu4u" of relation "tipo_producto_productos" does not exist, skipping
Hibernate: alter table if exists tipo_producto_productos add constraint UK4ywllu6pt1mg6f7n0m1c0gu4u unique (productos_id)
Hibernate: alter table if exists users drop constraint if exists UKr43af9ap4edm43mmtq01oddj6
2025-03-06T13:33:47.623-03:00  WARN 11188 --- [           main] o.h.engine.jdbc.spi.SqlExceptionHelper   : SQL Warning Code: 0, SQLState: 00000
2025-03-06T13:33:47.624-03:00  WARN 11188 --- [           main] o.h.engine.jdbc.spi.SqlExceptionHelper   : constraint "ukr43af9ap4edm43mmtq01oddj6" of relation "users" does not exist, skipping
Hibernate: alter table if exists users add constraint UKr43af9ap4edm43mmtq01oddj6 unique (username)
Hibernate: create sequence users_seq start with 1 increment by 50
Hibernate: alter table if exists carrito add constraint FKs7t94gt1b96owjf3itwku97lk foreign key (cliente_id) references cliente
Hibernate: alter table if exists cliente add constraint FK1fw6xn0uytlna6c8p1bh492wj foreign key (carrito_id) references carrito
Hibernate: alter table if exists tipo_producto_productos add constraint FK3g4ff7gtoyq5hftq37h4xgfsu foreign key (productos_id) references producto
Hibernate: alter table if exists tipo_producto_productos add constraint FKfm8gi4ixbwj5b4vc288oitpee foreign key (tipo_producto_id) references tipo_producto
2025-03-06T13:33:49.464-03:00  INFO 11188 --- [           main] j.LocalContainerEntityManagerFactoryBean : Initialized JPA EntityManagerFactory for persistence unit 'default'
2025-03-06T13:33:50.191-03:00  INFO 11188 --- [           main] eAuthenticationProviderManagerConfigurer : Global AuthenticationManager configured with AuthenticationProvider bean with name authenticationProvider
2025-03-06T13:33:50.191-03:00  WARN 11188 --- [           main] r$InitializeUserDetailsManagerConfigurer : Global AuthenticationManager configured with an AuthenticationProvider bean. UserDetailsService beans will not be used by Spring Security for automatically configuring username/password login. Consider removing the AuthenticationProvider bean. Alternatively, consider using the UserDetailsService in a manually instantiated DaoAuthenticationProvider. If the current configuration is intentional, to turn off this warning, increase the logging level of 'org.springframework.security.config.annotation.authentication.configuration.InitializeUserDetailsBeanManagerConfigurer' to ERROR
2025-03-06T13:33:50.356-03:00  WARN 11188 --- [           main] JpaBaseConfiguration$JpaWebConfiguration : spring.jpa.open-in-view is enabled by default. Therefore, database queries may be performed during view rendering. Explicitly configure spring.jpa.open-in-view to disable this warning
2025-03-06T13:33:51.537-03:00  INFO 11188 --- [           main] com.api.tienda.TiendaApplicationTests    : Started TiendaApplicationTests in 18.793 seconds (process running for 20.162)
]]></system-out>
    <system-err><![CDATA[Mockito is currently self-attaching to enable the inline-mock-maker. This will no longer work in future releases of the JDK. Please add Mockito as an agent to your build what is described in Mockito's documentation: https://javadoc.io/doc/org.mockito/mockito-core/latest/org/mockito/Mockito.html#0.3
WARNING: A Java agent has been loaded dynamically (C:\Users\Usuario\.m2\repository\net\bytebuddy\byte-buddy-agent\1.15.11\byte-buddy-agent-1.15.11.jar)
WARNING: If a serviceability tool is in use, please run with -XX:+EnableDynamicAgentLoading to hide this warning
WARNING: If a serviceability tool is not in use, please run with -Djdk.instrument.traceUsage for more information
WARNING: Dynamic loading of agents will be disallowed by default in a future release
]]></system-err>
  </testcase>
</testsuite>